<?xml version="1.0" encoding="UTF-8"?>
<!-- Generated by org.testng.reporters.JUnitXMLReporter -->
<testsuite hostname="RFLX-LPT-111" ignored="0" name="Default test" tests="5" failures="0" timestamp="2021-03-16T01:03:41 IST" time="2.37" errors="0">
  <testcase name="Get_AllVideoGames" time="1.438" classname="VideoGameApiTest.ApiTestCase"/>
  <testcase name="Create_NewGame" time="0.301" classname="VideoGameApiTest.ApiTestCase"/>
  <testcase name="Get_AddedGameById" time="0.528" classname="VideoGameApiTest.ApiTestCase"/>
  <testcase name="Update_AddedGame" time="0.053" classname="VideoGameApiTest.ApiTestCase"/>
  <testcase name="Delete_AddedGame" time="0.017" classname="VideoGameApiTest.ApiTestCase"/>
</testsuite> <!-- Default test -->
