<?xml version="1.0" encoding="UTF-8"?>
<!-- Generated by org.testng.reporters.JUnitXMLReporter -->
<testsuite hostname="RFLX-LPT-111" ignored="0" name="Test" tests="5" failures="0" timestamp="2021-03-16T01:20:41 IST" time="2.151" errors="0">
  <testcase name="Get_AllVideoGames" time="1.325" classname="VideoGameApiTest.ApiTestCase"/>
  <testcase name="Create_NewGame" time="0.25" classname="VideoGameApiTest.ApiTestCase"/>
  <testcase name="Get_AddedGameById" time="0.485" classname="VideoGameApiTest.ApiTestCase"/>
  <testcase name="Update_AddedGame" time="0.05" classname="VideoGameApiTest.ApiTestCase"/>
  <testcase name="Delete_AddedGame" time="0.015" classname="VideoGameApiTest.ApiTestCase"/>
</testsuite> <!-- Test -->
