<?xml version="1.0" encoding="UTF-8"?>
<testng-results skipped="0" failed="0" ignored="0" total="5" passed="5">
  <reporter-output>
  </reporter-output>
  <suite name="Suite" duration-ms="2418" started-at="2021-03-16T01:04:43 IST" finished-at="2021-03-16T01:04:45 IST">
    <groups>
    </groups>
    <test name="Test" duration-ms="2418" started-at="2021-03-16T01:04:43 IST" finished-at="2021-03-16T01:04:45 IST">
      <class name="VideoGameApiTest.ApiTestCase">
        <test-method status="PASS" signature="Get_AllVideoGames()[pri:1, instance:VideoGameApiTest.ApiTestCase@22a67b4]" name="Get_AllVideoGames" duration-ms="1449" started-at="2021-03-16T01:04:43 IST" finished-at="2021-03-16T01:04:44 IST">
          <reporter-output>
          </reporter-output>
        </test-method> <!-- Get_AllVideoGames -->
        <test-method status="PASS" signature="Create_NewGame()[pri:2, instance:VideoGameApiTest.ApiTestCase@22a67b4]" name="Create_NewGame" duration-ms="345" started-at="2021-03-16T01:04:44 IST" finished-at="2021-03-16T01:04:45 IST">
          <reporter-output>
          </reporter-output>
        </test-method> <!-- Create_NewGame -->
        <test-method status="PASS" signature="Get_AddedGameById()[pri:3, instance:VideoGameApiTest.ApiTestCase@22a67b4]" name="Get_AddedGameById" duration-ms="526" started-at="2021-03-16T01:04:45 IST" finished-at="2021-03-16T01:04:45 IST">
          <reporter-output>
          </reporter-output>
        </test-method> <!-- Get_AddedGameById -->
        <test-method status="PASS" signature="Update_AddedGame()[pri:4, instance:VideoGameApiTest.ApiTestCase@22a67b4]" name="Update_AddedGame" duration-ms="47" started-at="2021-03-16T01:04:45 IST" finished-at="2021-03-16T01:04:45 IST">
          <reporter-output>
          </reporter-output>
        </test-method> <!-- Update_AddedGame -->
        <test-method status="PASS" signature="Delete_AddedGame()[pri:5, instance:VideoGameApiTest.ApiTestCase@22a67b4]" name="Delete_AddedGame" duration-ms="16" started-at="2021-03-16T01:04:45 IST" finished-at="2021-03-16T01:04:45 IST">
          <reporter-output>
          </reporter-output>
        </test-method> <!-- Delete_AddedGame -->
      </class> <!-- VideoGameApiTest.ApiTestCase -->
    </test> <!-- Test -->
  </suite> <!-- Suite -->
</testng-results>
